[INFO] Scanning for projects...
[INFO] 
[INFO] -----------------< org.example:Marwan_Mai_2023f_exams >-----------------
[INFO] Building Marwan_Mai_2023f_exams 1.0-SNAPSHOT
[INFO]   from pom.xml
[INFO] --------------------------------[ jar ]---------------------------------
[INFO] 
[INFO] --- clean:3.2.0:clean (default-clean) @ Marwan_Mai_2023f_exams ---
[INFO] Deleting /Users/mac/IdeaProjects/Advanced_Java/Marwan_Mai_2023f_exams/target
[INFO] 
[INFO] --- resources:3.3.1:resources (default-resources) @ Marwan_Mai_2023f_exams ---
[INFO] Copying 0 resource from src/main/resources to target/classes
[INFO] 
[INFO] --- compiler:3.11.0:compile (default-compile) @ Marwan_Mai_2023f_exams ---
[INFO] Changes detected - recompiling the module! :source
[INFO] Compiling 1 source file with javac [debug target 17] to target/classes
[INFO] ------------------------------------------------------------------------
[INFO] BUILD FAILURE
[INFO] ------------------------------------------------------------------------
[INFO] Total time:  1.535 s
[INFO] Finished at: 2024-07-04T09:40:30+02:00
[INFO] ------------------------------------------------------------------------
[ERROR] Failed to execute goal org.apache.maven.plugins:maven-compiler-plugin:3.11.0:compile (default-compile) on project Marwan_Mai_2023f_exams: Fatal error compiling: error: invalid target release: 17 -> [Help 1]
[ERROR] 
[ERROR] To see the full stack trace of the errors, re-run Maven with the -e switch.
[ERROR] Re-run Maven using the -X switch to enable full debug logging.
[ERROR] 
[ERROR] For more information about the errors and possible solutions, please read the following articles:
[ERROR] [Help 1] http://cwiki.apache.org/confluence/display/MAVEN/MojoExecutionException
